<html>
<head>
<title>TestNG:  Default test</title>
<link href="../testng.css" rel="stylesheet" type="text/css" />
<link href="../my-testng.css" rel="stylesheet" type="text/css" />

<style type="text/css">
.log { display: none;} 
.stack-trace { display: none;} 
</style>
<script type="text/javascript">
<!--
function flip(e) {
  current = e.style.display;
  if (current == 'block') {
    e.style.display = 'none';
    return 0;
  }
  else {
    e.style.display = 'block';
    return 1;
  }
}

function toggleBox(szDivId, elem, msg1, msg2)
{
  var res = -1;  if (document.getElementById) {
    res = flip(document.getElementById(szDivId));
  }
  else if (document.all) {
    // this is the way old msie versions work
    res = flip(document.all[szDivId]);
  }
  if(elem) {
    if(res == 0) elem.innerHTML = msg1; else elem.innerHTML = msg2;
  }

}

function toggleAllBoxes() {
  if (document.getElementsByTagName) {
    d = document.getElementsByTagName('div');
    for (i = 0; i < d.length; i++) {
      if (d[i].className == 'log') {
        flip(d[i]);
      }
    }
  }
}

// -->
</script>

</head>
<body>
<h2 align='center'>Default test</h2><table border='1' align="center">
<tr>
<td>Tests passed/Failed/Skipped:</td><td>3/1/0</td>
</tr><tr>
<td>Started on:</td><td>Mon Oct 28 22:32:13 EDT 2024</td>
</tr>
<tr><td>Total time:</td><td>5 seconds (5808 ms)</td>
</tr><tr>
<td>Included groups:</td><td></td>
</tr><tr>
<td>Excluded groups:</td><td></td>
</tr>
</table><p/>
<small><i>(Hover the method name to see the test class name)</i></small><p/>
<table width='100%' border='1' class='invocation-failed'>
<tr><td colspan='4' align='center'><b>FAILED TESTS</b></td></tr>
<tr><td><b>Test method</b></td>
<td><b>Attribute(s)</b></td>
<td width="30%"><b>Exception</b></td>
<td width="10%"><b>Time (seconds)</b></td>
<td><b>Instance</b></td>
</tr>
<tr>
<td title='testRunner.testExecution$TestRunner.runScenario()'><b>runScenario</b><br>Test class: testRunner.testExecution$TestRunner<br>Test method: Runs Cucumber Scenarios<br>Parameters: "Verify Admin is able to search results found for program description", "Manage Program - Search bar"</td>
<td><div><pre>java.lang.AssertionError: expected [ChatBotSan] but found [ChatBotSan123]
	at org.testng.Assert.fail(Assert.java:111)
	at org.testng.Assert.failNotEquals(Assert.java:1578)
	at org.testng.Assert.assertEqualsImpl(Assert.java:150)
	at org.testng.Assert.assertEquals(Assert.java:132)
	at org.testng.Assert.assertEquals(Assert.java:656)
	at org.testng.Assert.assertEquals(Assert.java:666)
	at stepDefinition.manageProgramSearchBar.admin_should_able_to_see_program_name_description_and_status_for_searched_program_description(manageProgramSearchBar.java:46)
	at ✽.Admin should able to see Program name, description, and status for searched program description(file:///C:/Users/sange/Documents/NN/NewProjects/Team06_LMS_SeleniumHackers/src/test/resources/featureFiles/7manageProgramSearchBar.feature:17)
</pre></div><a href='#' onClick='toggleBox("stack-trace2034546868", this, "Click to show all stack frames", "Click to hide stack frames")'>Click to show all stack frames</a>
<div class='stack-trace' id='stack-trace2034546868'><pre>java.lang.AssertionError: expected [ChatBotSan] but found [ChatBotSan123]
	at org.testng.Assert.fail(Assert.java:111)
	at org.testng.Assert.failNotEquals(Assert.java:1578)
	at org.testng.Assert.assertEqualsImpl(Assert.java:150)
	at org.testng.Assert.assertEquals(Assert.java:132)
	at org.testng.Assert.assertEquals(Assert.java:656)
	at org.testng.Assert.assertEquals(Assert.java:666)
	at stepDefinition.manageProgramSearchBar.admin_should_able_to_see_program_name_description_and_status_for_searched_program_description(manageProgramSearchBar.java:46)
	at ✽.Admin should able to see Program name, description, and status for searched program description(file:///C:/Users/sange/Documents/NN/NewProjects/Team06_LMS_SeleniumHackers/src/test/resources/featureFiles/7manageProgramSearchBar.feature:17)
</pre></div></td>
<td>0</td>
<td>testRunner.testExecution$TestRunner@8297b3a</td></tr>
</table><p>
<table width='100%' border='1' class='invocation-passed'>
<tr><td colspan='4' align='center'><b>PASSED TESTS</b></td></tr>
<tr><td><b>Test method</b></td>
<td><b>Attribute(s)</b></td>
<td width="30%"><b>Exception</b></td>
<td width="10%"><b>Time (seconds)</b></td>
<td><b>Instance</b></td>
</tr>
<tr>
<td title='testRunner.testExecution$TestRunner.runScenario()'><b>runScenario</b><br>Test class: testRunner.testExecution$TestRunner<br>Test method: Runs Cucumber Scenarios<br>Parameters: "Verify Admin is able to search results found for program name", "Manage Program - Search bar"</td>
<td></td>
<td>0</td>
<td>testRunner.testExecution$TestRunner@8297b3a</td></tr>
<tr>
<td title='testRunner.testExecution$TestRunner.runScenario()'><b>runScenario</b><br>Test class: testRunner.testExecution$TestRunner<br>Test method: Runs Cucumber Scenarios<br>Parameters: "Verify Admin is able to search results found for program name", "Manage Program - Search bar"</td>
<td></td>
<td>0</td>
<td>testRunner.testExecution$TestRunner@8297b3a</td></tr>
<tr>
<td title='testRunner.testExecution$TestRunner.runScenario()'><b>runScenario</b><br>Test class: testRunner.testExecution$TestRunner<br>Test method: Runs Cucumber Scenarios<br>Parameters: "Verify Admin is able to search results found for program name", "Manage Program - Search bar"</td>
<td></td>
<td>3</td>
<td>testRunner.testExecution$TestRunner@8297b3a</td></tr>
</table><p>
</body>
</html>